<?xml version="1.0" encoding="UTF-8"?>
<!-- Generated by org.testng.reporters.JUnitReportReporter -->
<testsuite hostname="LAPTOP-EKCAP48F" name="com.jayanthi.automation.scripts.Log4jGmail" tests="1" failures="0" timestamp="29 Dec 2017 06:52:37 GMT" time="12.429" errors="0">
  <testcase name="login" time="12.429" classname="com.jayanthi.automation.scripts.Log4jGmail"/>
</testsuite> <!-- com.jayanthi.automation.scripts.Log4jGmail -->
