<?xml version="1.0" encoding="UTF-8"?>
<!-- Generated by org.testng.reporters.JUnitReportReporter -->
<testsuite hostname="LAPTOP-EKCAP48F" name="com.jayanthi.automation.scripts.Gmail" tests="1" failures="0" timestamp="13 Jan 2018 16:44:28 GMT" time="9.351" errors="0">
  <testcase name="login" time="9.351" classname="com.jayanthi.automation.scripts.Gmail"/>
</testsuite> <!-- com.jayanthi.automation.scripts.Gmail -->
