<?xml version="1.0" encoding="UTF-8"?>
<!-- Generated by org.testng.reporters.JUnitReportReporter -->
<testsuite hostname="LAPTOP-EKCAP48F" name="com.jayanthi.automation.scripts.ExtentReportFacebook" tests="1" failures="0" timestamp="29 Dec 2017 07:36:38 GMT" time="12.428" errors="0">
  <testcase name="login" time="12.428" classname="com.jayanthi.automation.scripts.ExtentReportFacebook"/>
</testsuite> <!-- com.jayanthi.automation.scripts.ExtentReportFacebook -->
